{"uuid":"47073340-61f3-4e3f-b9b7-4289d3300622","historyId":"db7e093f5fa81734da744099d4f3c4c3","fullName":"tests.TC02.VerifySuccessfulFundTransferToExternalBankAccount","labels":[{"name":"package","value":"tests.TC02"},{"name":"testClass","value":"tests.TC02"},{"name":"testMethod","value":"VerifySuccessfulFundTransferToExternalBankAccount"},{"name":"parentSuite","value":"Default Suite"},{"name":"suite","value":"iviettech-AT03-EBanking"},{"name":"subSuite","value":"tests.TC02"},{"name":"host","value":"Huy-Lap"},{"name":"thread","value":"15444@Huy-Lap.main(1)"},{"name":"framework","value":"testng"},{"name":"language","value":"java"}],"links":[],"name":"Verify successful transfer to an external bank account with full flow steps","status":"broken","statusDetails":{"known":false,"muted":false,"flaky":false,"message":"Expected condition failed: waiting for visibility of element located by By.id: otpInputId (tried for 10 second(s) with 500 milliseconds interval)\nBuild info: version: '4.33.0', revision: '2c6aaad03a'\nSystem info: os.name: 'Windows 10', os.arch: 'amd64', os.version: '10.0', java.version: '11.0.26'\nDriver info: org.openqa.selenium.chrome.ChromeDriver\nCapabilities {acceptInsecureCerts: false, browserName: chrome, browserVersion: 137.0.7151.104, chrome: {chromedriverVersion: 137.0.7151.119 (e0ac9d12dff..., userDataDir: C:\\Users\\Admin\\AppData\\Loca...}, fedcm:accounts: true, goog:chromeOptions: {debuggerAddress: localhost:62985}, networkConnectionEnabled: false, pageLoadStrategy: normal, platformName: windows, proxy: Proxy(), se:cdp: ws://localhost:62985/devtoo..., se:cdpVersion: 137.0.7151.104, setWindowRect: true, strictFileInteractability: false, timeouts: {implicit: 0, pageLoad: 300000, script: 30000}, unhandledPromptBehavior: dismiss and notify, webauthn:extension:credBlob: true, webauthn:extension:largeBlob: true, webauthn:extension:minPinLength: true, webauthn:extension:prf: true, webauthn:virtualAuthenticators: true}\nSession ID: 883906dda0bc7f6b74c5e13788c636d7","trace":"org.openqa.selenium.TimeoutException: Expected condition failed: waiting for visibility of element located by By.id: otpInputId (tried for 10 second(s) with 500 milliseconds interval)\nBuild info: version: '4.33.0', revision: '2c6aaad03a'\nSystem info: os.name: 'Windows 10', os.arch: 'amd64', os.version: '10.0', java.version: '11.0.26'\nDriver info: org.openqa.selenium.chrome.ChromeDriver\nCapabilities {acceptInsecureCerts: false, browserName: chrome, browserVersion: 137.0.7151.104, chrome: {chromedriverVersion: 137.0.7151.119 (e0ac9d12dff..., userDataDir: C:\\Users\\Admin\\AppData\\Loca...}, fedcm:accounts: true, goog:chromeOptions: {debuggerAddress: localhost:62985}, networkConnectionEnabled: false, pageLoadStrategy: normal, platformName: windows, proxy: Proxy(), se:cdp: ws://localhost:62985/devtoo..., se:cdpVersion: 137.0.7151.104, setWindowRect: true, strictFileInteractability: false, timeouts: {implicit: 0, pageLoad: 300000, script: 30000}, unhandledPromptBehavior: dismiss and notify, webauthn:extension:credBlob: true, webauthn:extension:largeBlob: true, webauthn:extension:minPinLength: true, webauthn:extension:prf: true, webauthn:virtualAuthenticators: true}\nSession ID: 883906dda0bc7f6b74c5e13788c636d7\r\n\tat org.openqa.selenium.support.ui.WebDriverWait.timeoutException(WebDriverWait.java:84)\r\n\tat org.openqa.selenium.support.ui.FluentWait.until(FluentWait.java:228)\r\n\tat pages.EBanking.InterbankTransferConfirmationForm.openOTPEntryForm(InterbankTransferConfirmationForm.java:47)\r\n\tat tests.TC02.VerifySuccessfulFundTransferToExternalBankAccount(TC02.java:127)\r\n\tat java.base/jdk.internal.reflect.NativeMethodAccessorImpl.invoke0(Native Method)\r\n\tat java.base/jdk.internal.reflect.NativeMethodAccessorImpl.invoke(NativeMethodAccessorImpl.java:62)\r\n\tat java.base/jdk.internal.reflect.DelegatingMethodAccessorImpl.invoke(DelegatingMethodAccessorImpl.java:43)\r\n\tat java.base/java.lang.reflect.Method.invoke(Method.java:566)\r\n\tat org.testng.internal.invokers.MethodInvocationHelper.invokeMethod(MethodInvocationHelper.java:141)\r\n\tat org.testng.internal.invokers.TestInvoker.invokeMethod(TestInvoker.java:687)\r\n\tat org.testng.internal.invokers.TestInvoker.invokeTestMethod(TestInvoker.java:230)\r\n\tat org.testng.internal.invokers.MethodRunner.runInSequence(MethodRunner.java:63)\r\n\tat org.testng.internal.invokers.TestInvoker$MethodInvocationAgent.invoke(TestInvoker.java:995)\r\n\tat org.testng.internal.invokers.TestInvoker.invokeTestMethods(TestInvoker.java:203)\r\n\tat org.testng.internal.invokers.TestMethodWorker.invokeTestMethods(TestMethodWorker.java:154)\r\n\tat org.testng.internal.invokers.TestMethodWorker.run(TestMethodWorker.java:134)\r\n\tat java.base/java.util.ArrayList.forEach(ArrayList.java:1541)\r\n\tat org.testng.TestRunner.privateRun(TestRunner.java:741)\r\n\tat org.testng.TestRunner.run(TestRunner.java:616)\r\n\tat org.testng.SuiteRunner.runTest(SuiteRunner.java:421)\r\n\tat org.testng.SuiteRunner.runSequentially(SuiteRunner.java:413)\r\n\tat org.testng.SuiteRunner.privateRun(SuiteRunner.java:373)\r\n\tat org.testng.SuiteRunner.run(SuiteRunner.java:312)\r\n\tat org.testng.SuiteRunnerWorker.runSuite(SuiteRunnerWorker.java:52)\r\n\tat org.testng.SuiteRunnerWorker.run(SuiteRunnerWorker.java:95)\r\n\tat org.testng.TestNG.runSuitesSequentially(TestNG.java:1274)\r\n\tat org.testng.TestNG.runSuitesLocally(TestNG.java:1208)\r\n\tat org.testng.TestNG.runSuites(TestNG.java:1112)\r\n\tat org.testng.TestNG.run(TestNG.java:1079)\r\n\tat com.intellij.rt.testng.IDEARemoteTestNG.run(IDEARemoteTestNG.java:66)\r\n\tat com.intellij.rt.testng.RemoteTestNGStarter.main(RemoteTestNGStarter.java:109)\r\n"},"stage":"finished","steps":[{"name":"Login with username and password","status":"passed","stage":"finished","steps":[{"name":"Enter username","status":"passed","stage":"finished","steps":[],"attachments":[],"parameters":[{"name":"username","value":"hellohenrry"}],"start":1752904346715,"stop":1752904346887},{"name":"Enter password","status":"passed","stage":"finished","steps":[],"attachments":[],"parameters":[{"name":"password","value":"12345ABC"}],"start":1752904346888,"stop":1752904346992},{"name":"Click login button","status":"passed","stage":"finished","steps":[],"attachments":[],"parameters":[],"start":1752904346993,"stop":1752904347373}],"attachments":[],"parameters":[{"name":"username","value":"hellohenrry"},{"name":"password","value":"12345ABC"}],"start":1752904346713,"stop":1752904347373},{"name":"Click on account detail menu item","status":"passed","stage":"finished","steps":[],"attachments":[],"parameters":[],"start":1752904347373,"stop":1752904347638},{"name":"Click on the account to view details","status":"passed","stage":"finished","steps":[],"attachments":[],"parameters":[{"name":"accountId","value":"100001403"}],"start":1752904347640,"stop":1752904347893},{"name":"Get available balance from account details","status":"passed","stage":"finished","steps":[],"attachments":[],"parameters":[],"start":1752904347893,"stop":1752904347978},{"name":"Click on interbank transfer menu item","status":"passed","stage":"finished","steps":[],"attachments":[],"parameters":[],"start":1752904347978,"stop":1752904348267},{"name":"Enter all interbank transfer details in order","status":"passed","stage":"finished","steps":[{"name":"Select source account: 100001403","status":"passed","stage":"finished","steps":[],"attachments":[],"parameters":[{"name":"accountId","value":"100001403"}],"start":1752904348272,"stop":1752904349211},{"name":"Enter recipient account: 10001111","status":"passed","stage":"finished","steps":[],"attachments":[],"parameters":[{"name":"recipientAccount","value":"10001111"}],"start":1752904349211,"stop":1752904349372},{"name":"Enter recipient name: Nguyen Van A","status":"passed","stage":"finished","steps":[],"attachments":[],"parameters":[{"name":"recipientName","value":"Nguyen Van A"}],"start":1752904349372,"stop":1752904349530},{"name":"Select bank: Ngân hàng Đông Á","status":"passed","stage":"finished","steps":[],"attachments":[],"parameters":[{"name":"bankName","value":"Ngân hàng Đông Á"}],"start":1752904349531,"stop":1752904349740},{"name":"Select branch: Chi nhánh Đà Nẵng","status":"passed","stage":"finished","steps":[],"attachments":[],"parameters":[{"name":"branchName","value":"Chi nhánh Đà Nẵng"}],"start":1752904349740,"stop":1752904350992},{"name":"Enter payment content: Chuyen tien lien ngan hang 50000 dong","status":"passed","stage":"finished","steps":[],"attachments":[],"parameters":[{"name":"content","value":"Chuyen tien lien ngan hang 50000 dong"}],"start":1752904350992,"stop":1752904351204},{"name":"Enter transfer amount: 50000.0","status":"passed","stage":"finished","steps":[],"attachments":[],"parameters":[{"name":"amount","value":"50000.0"}],"start":1752904351205,"stop":1752904351340},{"name":"Click Confirm button to open transaction confirmation form","status":"passed","stage":"finished","steps":[],"attachments":[],"parameters":[],"start":1752904351341,"stop":1752904351531}],"attachments":[],"parameters":[{"name":"sourceAccountId","value":"100001403"},{"name":"recipientAccountNumber","value":"10001111"},{"name":"recipientName","value":"Nguyen Van A"},{"name":"bankName","value":"Ngân hàng Đông Á"},{"name":"branchName","value":"Chi nhánh Đà Nẵng"},{"name":"transferMessage","value":"Chuyen tien lien ngan hang 50000 dong"},{"name":"amount","value":"50000.0"}],"start":1752904348271,"stop":1752904351531},{"name":"Get source account ID from interbank transfer confirmation form","status":"passed","stage":"finished","steps":[],"attachments":[],"parameters":[],"start":1752904351533,"stop":1752904351648},{"name":"Get recipient account ID from interbank transfer confirmation form","status":"passed","stage":"finished","steps":[],"attachments":[],"parameters":[],"start":1752904351656,"stop":1752904351692},{"name":"Get recipient name from interbank transfer confirmation form","status":"passed","stage":"finished","steps":[],"attachments":[],"parameters":[],"start":1752904351694,"stop":1752904351733},{"name":"Get transfer message from interbank transfer confirmation form","status":"passed","stage":"finished","steps":[],"attachments":[],"parameters":[],"start":1752904351733,"stop":1752904351769},{"name":"Get transfer amount from interbank transfer confirmation form","status":"passed","stage":"finished","steps":[],"attachments":[],"parameters":[],"start":1752904351769,"stop":1752904351806},{"name":"Click on confirm button to open OTP entry form","status":"broken","statusDetails":{"known":false,"muted":false,"flaky":false,"message":"Expected condition failed: waiting for visibility of element located by By.id: otpInputId (tried for 10 second(s) with 500 milliseconds interval)\nBuild info: version: '4.33.0', revision: '2c6aaad03a'\nSystem info: os.name: 'Windows 10', os.arch: 'amd64', os.version: '10.0', java.version: '11.0.26'\nDriver info: org.openqa.selenium.chrome.ChromeDriver\nCapabilities {acceptInsecureCerts: false, browserName: chrome, browserVersion: 137.0.7151.104, chrome: {chromedriverVersion: 137.0.7151.119 (e0ac9d12dff..., userDataDir: C:\\Users\\Admin\\AppData\\Loca...}, fedcm:accounts: true, goog:chromeOptions: {debuggerAddress: localhost:62985}, networkConnectionEnabled: false, pageLoadStrategy: normal, platformName: windows, proxy: Proxy(), se:cdp: ws://localhost:62985/devtoo..., se:cdpVersion: 137.0.7151.104, setWindowRect: true, strictFileInteractability: false, timeouts: {implicit: 0, pageLoad: 300000, script: 30000}, unhandledPromptBehavior: dismiss and notify, webauthn:extension:credBlob: true, webauthn:extension:largeBlob: true, webauthn:extension:minPinLength: true, webauthn:extension:prf: true, webauthn:virtualAuthenticators: true}\nSession ID: 883906dda0bc7f6b74c5e13788c636d7","trace":"org.openqa.selenium.TimeoutException: Expected condition failed: waiting for visibility of element located by By.id: otpInputId (tried for 10 second(s) with 500 milliseconds interval)\nBuild info: version: '4.33.0', revision: '2c6aaad03a'\nSystem info: os.name: 'Windows 10', os.arch: 'amd64', os.version: '10.0', java.version: '11.0.26'\nDriver info: org.openqa.selenium.chrome.ChromeDriver\nCapabilities {acceptInsecureCerts: false, browserName: chrome, browserVersion: 137.0.7151.104, chrome: {chromedriverVersion: 137.0.7151.119 (e0ac9d12dff..., userDataDir: C:\\Users\\Admin\\AppData\\Loca...}, fedcm:accounts: true, goog:chromeOptions: {debuggerAddress: localhost:62985}, networkConnectionEnabled: false, pageLoadStrategy: normal, platformName: windows, proxy: Proxy(), se:cdp: ws://localhost:62985/devtoo..., se:cdpVersion: 137.0.7151.104, setWindowRect: true, strictFileInteractability: false, timeouts: {implicit: 0, pageLoad: 300000, script: 30000}, unhandledPromptBehavior: dismiss and notify, webauthn:extension:credBlob: true, webauthn:extension:largeBlob: true, webauthn:extension:minPinLength: true, webauthn:extension:prf: true, webauthn:virtualAuthenticators: true}\nSession ID: 883906dda0bc7f6b74c5e13788c636d7\r\n\tat org.openqa.selenium.support.ui.WebDriverWait.timeoutException(WebDriverWait.java:84)\r\n\tat org.openqa.selenium.support.ui.FluentWait.until(FluentWait.java:228)\r\n\tat pages.EBanking.InterbankTransferConfirmationForm.openOTPEntryForm(InterbankTransferConfirmationForm.java:47)\r\n\tat tests.TC02.VerifySuccessfulFundTransferToExternalBankAccount(TC02.java:127)\r\n\tat java.base/jdk.internal.reflect.NativeMethodAccessorImpl.invoke0(Native Method)\r\n\tat java.base/jdk.internal.reflect.NativeMethodAccessorImpl.invoke(NativeMethodAccessorImpl.java:62)\r\n\tat java.base/jdk.internal.reflect.DelegatingMethodAccessorImpl.invoke(DelegatingMethodAccessorImpl.java:43)\r\n\tat java.base/java.lang.reflect.Method.invoke(Method.java:566)\r\n\tat org.testng.internal.invokers.MethodInvocationHelper.invokeMethod(MethodInvocationHelper.java:141)\r\n\tat org.testng.internal.invokers.TestInvoker.invokeMethod(TestInvoker.java:687)\r\n\tat org.testng.internal.invokers.TestInvoker.invokeTestMethod(TestInvoker.java:230)\r\n\tat org.testng.internal.invokers.MethodRunner.runInSequence(MethodRunner.java:63)\r\n\tat org.testng.internal.invokers.TestInvoker$MethodInvocationAgent.invoke(TestInvoker.java:995)\r\n\tat org.testng.internal.invokers.TestInvoker.invokeTestMethods(TestInvoker.java:203)\r\n\tat org.testng.internal.invokers.TestMethodWorker.invokeTestMethods(TestMethodWorker.java:154)\r\n\tat org.testng.internal.invokers.TestMethodWorker.run(TestMethodWorker.java:134)\r\n\tat java.base/java.util.ArrayList.forEach(ArrayList.java:1541)\r\n\tat org.testng.TestRunner.privateRun(TestRunner.java:741)\r\n\tat org.testng.TestRunner.run(TestRunner.java:616)\r\n\tat org.testng.SuiteRunner.runTest(SuiteRunner.java:421)\r\n\tat org.testng.SuiteRunner.runSequentially(SuiteRunner.java:413)\r\n\tat org.testng.SuiteRunner.privateRun(SuiteRunner.java:373)\r\n\tat org.testng.SuiteRunner.run(SuiteRunner.java:312)\r\n\tat org.testng.SuiteRunnerWorker.runSuite(SuiteRunnerWorker.java:52)\r\n\tat org.testng.SuiteRunnerWorker.run(SuiteRunnerWorker.java:95)\r\n\tat org.testng.TestNG.runSuitesSequentially(TestNG.java:1274)\r\n\tat org.testng.TestNG.runSuitesLocally(TestNG.java:1208)\r\n\tat org.testng.TestNG.runSuites(TestNG.java:1112)\r\n\tat org.testng.TestNG.run(TestNG.java:1079)\r\n\tat com.intellij.rt.testng.IDEARemoteTestNG.run(IDEARemoteTestNG.java:66)\r\n\tat com.intellij.rt.testng.RemoteTestNGStarter.main(RemoteTestNGStarter.java:109)\r\n"},"stage":"finished","steps":[],"attachments":[],"parameters":[],"start":1752904351808,"stop":1752904364714}],"attachments":[],"parameters":[],"start":1752904346671,"stop":1752904364720}