{"uuid":"73eb816b-aaf6-4dc8-88a1-edf53f40e857","historyId":"fda6d5e249c3f1d5be4d39a470d8f005","fullName":"tests.TC09.verifyErrorMessageIsDisplayedWhenEnteringIncorrectOTP","labels":[{"name":"package","value":"tests.TC09"},{"name":"testClass","value":"tests.TC09"},{"name":"testMethod","value":"verifyErrorMessageIsDisplayedWhenEnteringIncorrectOTP"},{"name":"parentSuite","value":"Default Suite"},{"name":"suite","value":"iviettech-AT03-EBanking"},{"name":"subSuite","value":"tests.TC09"},{"name":"host","value":"Huy-Lap"},{"name":"thread","value":"19548@Huy-Lap.main(1)"},{"name":"framework","value":"testng"},{"name":"language","value":"java"}],"links":[],"name":"Verify error message is displayed when entering incorrect OTP during fund transfer","status":"broken","statusDetails":{"known":false,"muted":false,"flaky":false,"message":"Expected condition failed: waiting for visibility of element located by By.xpath: //*[@id = 'primefacesmessagedlg']//div[text() = 'Chuyển tiền thành công'] (tried for 5 second(s) with 500 milliseconds interval)\nBuild info: version: '4.33.0', revision: '2c6aaad03a'\nSystem info: os.name: 'Windows 10', os.arch: 'amd64', os.version: '10.0', java.version: '11.0.26'\nDriver info: org.openqa.selenium.chrome.ChromeDriver\nCapabilities {acceptInsecureCerts: false, browserName: chrome, browserVersion: 137.0.7151.104, chrome: {chromedriverVersion: 137.0.7151.119 (e0ac9d12dff..., userDataDir: C:\\Users\\Admin\\AppData\\Loca...}, fedcm:accounts: true, goog:chromeOptions: {debuggerAddress: localhost:59653}, networkConnectionEnabled: false, pageLoadStrategy: normal, platformName: windows, proxy: Proxy(), se:cdp: ws://localhost:59653/devtoo..., se:cdpVersion: 137.0.7151.104, setWindowRect: true, strictFileInteractability: false, timeouts: {implicit: 0, pageLoad: 300000, script: 30000}, unhandledPromptBehavior: dismiss and notify, webauthn:extension:credBlob: true, webauthn:extension:largeBlob: true, webauthn:extension:minPinLength: true, webauthn:extension:prf: true, webauthn:virtualAuthenticators: true}\nSession ID: 1ea9d01a67118ae64e8452b905a4ecd3","trace":"org.openqa.selenium.TimeoutException: Expected condition failed: waiting for visibility of element located by By.xpath: //*[@id = 'primefacesmessagedlg']//div[text() = 'Chuyển tiền thành công'] (tried for 5 second(s) with 500 milliseconds interval)\nBuild info: version: '4.33.0', revision: '2c6aaad03a'\nSystem info: os.name: 'Windows 10', os.arch: 'amd64', os.version: '10.0', java.version: '11.0.26'\nDriver info: org.openqa.selenium.chrome.ChromeDriver\nCapabilities {acceptInsecureCerts: false, browserName: chrome, browserVersion: 137.0.7151.104, chrome: {chromedriverVersion: 137.0.7151.119 (e0ac9d12dff..., userDataDir: C:\\Users\\Admin\\AppData\\Loca...}, fedcm:accounts: true, goog:chromeOptions: {debuggerAddress: localhost:59653}, networkConnectionEnabled: false, pageLoadStrategy: normal, platformName: windows, proxy: Proxy(), se:cdp: ws://localhost:59653/devtoo..., se:cdpVersion: 137.0.7151.104, setWindowRect: true, strictFileInteractability: false, timeouts: {implicit: 0, pageLoad: 300000, script: 30000}, unhandledPromptBehavior: dismiss and notify, webauthn:extension:credBlob: true, webauthn:extension:largeBlob: true, webauthn:extension:minPinLength: true, webauthn:extension:prf: true, webauthn:virtualAuthenticators: true}\nSession ID: 1ea9d01a67118ae64e8452b905a4ecd3\r\n\tat org.openqa.selenium.support.ui.WebDriverWait.timeoutException(WebDriverWait.java:84)\r\n\tat org.openqa.selenium.support.ui.FluentWait.until(FluentWait.java:228)\r\n\tat pages.EBanking.OTPEntryPage.clickTransferButton(OTPEntryPage.java:29)\r\n\tat tests.TC09.verifyErrorMessageIsDisplayedWhenEnteringIncorrectOTP(TC09.java:85)\r\n\tat java.base/jdk.internal.reflect.NativeMethodAccessorImpl.invoke0(Native Method)\r\n\tat java.base/jdk.internal.reflect.NativeMethodAccessorImpl.invoke(NativeMethodAccessorImpl.java:62)\r\n\tat java.base/jdk.internal.reflect.DelegatingMethodAccessorImpl.invoke(DelegatingMethodAccessorImpl.java:43)\r\n\tat java.base/java.lang.reflect.Method.invoke(Method.java:566)\r\n\tat org.testng.internal.invokers.MethodInvocationHelper.invokeMethod(MethodInvocationHelper.java:141)\r\n\tat org.testng.internal.invokers.TestInvoker.invokeMethod(TestInvoker.java:687)\r\n\tat org.testng.internal.invokers.TestInvoker.invokeTestMethod(TestInvoker.java:230)\r\n\tat org.testng.internal.invokers.MethodRunner.runInSequence(MethodRunner.java:63)\r\n\tat org.testng.internal.invokers.TestInvoker$MethodInvocationAgent.invoke(TestInvoker.java:995)\r\n\tat org.testng.internal.invokers.TestInvoker.invokeTestMethods(TestInvoker.java:203)\r\n\tat org.testng.internal.invokers.TestMethodWorker.invokeTestMethods(TestMethodWorker.java:154)\r\n\tat org.testng.internal.invokers.TestMethodWorker.run(TestMethodWorker.java:134)\r\n\tat java.base/java.util.ArrayList.forEach(ArrayList.java:1541)\r\n\tat org.testng.TestRunner.privateRun(TestRunner.java:741)\r\n\tat org.testng.TestRunner.run(TestRunner.java:616)\r\n\tat org.testng.SuiteRunner.runTest(SuiteRunner.java:421)\r\n\tat org.testng.SuiteRunner.runSequentially(SuiteRunner.java:413)\r\n\tat org.testng.SuiteRunner.privateRun(SuiteRunner.java:373)\r\n\tat org.testng.SuiteRunner.run(SuiteRunner.java:312)\r\n\tat org.testng.SuiteRunnerWorker.runSuite(SuiteRunnerWorker.java:52)\r\n\tat org.testng.SuiteRunnerWorker.run(SuiteRunnerWorker.java:95)\r\n\tat org.testng.TestNG.runSuitesSequentially(TestNG.java:1274)\r\n\tat org.testng.TestNG.runSuitesLocally(TestNG.java:1208)\r\n\tat org.testng.TestNG.runSuites(TestNG.java:1112)\r\n\tat org.testng.TestNG.run(TestNG.java:1079)\r\n\tat com.intellij.rt.testng.IDEARemoteTestNG.run(IDEARemoteTestNG.java:66)\r\n\tat com.intellij.rt.testng.RemoteTestNGStarter.main(RemoteTestNGStarter.java:109)\r\n"},"stage":"finished","steps":[{"name":"Login with username and password","status":"passed","stage":"finished","steps":[{"name":"Enter username","status":"passed","stage":"finished","steps":[],"attachments":[],"parameters":[{"name":"username","value":"hellohenrry"}],"start":1753199620158,"stop":1753199620314},{"name":"Enter password","status":"passed","stage":"finished","steps":[],"attachments":[],"parameters":[{"name":"password","value":"12345ABC"}],"start":1753199620316,"stop":1753199620430},{"name":"Click login button","status":"passed","stage":"finished","steps":[],"attachments":[],"parameters":[],"start":1753199620431,"stop":1753199620855}],"attachments":[],"parameters":[{"name":"username","value":"hellohenrry"},{"name":"password","value":"12345ABC"}],"start":1753199620157,"stop":1753199620855},{"name":"Click on account menu item","status":"passed","stage":"finished","steps":[],"attachments":[],"parameters":[],"start":1753199620855,"stop":1753199621120},{"name":"Click on the account to view details","status":"passed","stage":"finished","steps":[],"attachments":[],"parameters":[{"name":"accountId","value":"100001403"}],"start":1753199621121,"stop":1753199621354},{"name":"Get available balance from account details","status":"passed","stage":"finished","steps":[],"attachments":[],"parameters":[],"start":1753199621355,"stop":1753199621493},{"name":"Click on transfer menu item","status":"passed","stage":"finished","steps":[],"attachments":[],"parameters":[],"start":1753199621493,"stop":1753199621696},{"name":"Enter transfer details","status":"passed","stage":"finished","steps":[{"name":"Select source account","status":"passed","stage":"finished","steps":[],"attachments":[],"parameters":[{"name":"accountId","value":"100001403"}],"start":1753199621697,"stop":1753199621901},{"name":"Enter recipient account number","status":"passed","stage":"finished","steps":[],"attachments":[],"parameters":[{"name":"recipientAccount","value":"100001399"}],"start":1753199621905,"stop":1753199622037},{"name":"Enter amount","status":"passed","stage":"finished","steps":[],"attachments":[],"parameters":[{"name":"amount","value":"12.0"}],"start":1753199622040,"stop":1753199622134},{"name":"Enter payment content","status":"passed","stage":"finished","steps":[],"attachments":[],"parameters":[{"name":"content","value":"Test chuyen khoan voi OTP sai"}],"start":1753199622134,"stop":1753199622278}],"attachments":[],"parameters":[{"name":"sourceAccount","value":"100001403"},{"name":"destinationAccount","value":"100001399"},{"name":"amount","value":"12"},{"name":"content","value":"Test chuyen khoan voi OTP sai"}],"start":1753199621696,"stop":1753199622278},{"name":"Click on Confirm button to open transaction confirm form","status":"passed","stage":"finished","steps":[],"attachments":[],"parameters":[],"start":1753199622278,"stop":1753199622487},{"name":"Click on confirm button to open OTP entry form","status":"passed","stage":"finished","steps":[],"attachments":[],"parameters":[],"start":1753199622488,"stop":1753199625551},{"name":"Enter OTP code","status":"passed","stage":"finished","steps":[],"attachments":[],"parameters":[{"name":"otp","value":"6Rnmh9cY4S"}],"start":1753199625556,"stop":1753199625651},{"name":"Click transfer button","status":"broken","statusDetails":{"known":false,"muted":false,"flaky":false,"message":"Expected condition failed: waiting for visibility of element located by By.xpath: //*[@id = 'primefacesmessagedlg']//div[text() = 'Chuyển tiền thành công'] (tried for 5 second(s) with 500 milliseconds interval)\nBuild info: version: '4.33.0', revision: '2c6aaad03a'\nSystem info: os.name: 'Windows 10', os.arch: 'amd64', os.version: '10.0', java.version: '11.0.26'\nDriver info: org.openqa.selenium.chrome.ChromeDriver\nCapabilities {acceptInsecureCerts: false, browserName: chrome, browserVersion: 137.0.7151.104, chrome: {chromedriverVersion: 137.0.7151.119 (e0ac9d12dff..., userDataDir: C:\\Users\\Admin\\AppData\\Loca...}, fedcm:accounts: true, goog:chromeOptions: {debuggerAddress: localhost:59653}, networkConnectionEnabled: false, pageLoadStrategy: normal, platformName: windows, proxy: Proxy(), se:cdp: ws://localhost:59653/devtoo..., se:cdpVersion: 137.0.7151.104, setWindowRect: true, strictFileInteractability: false, timeouts: {implicit: 0, pageLoad: 300000, script: 30000}, unhandledPromptBehavior: dismiss and notify, webauthn:extension:credBlob: true, webauthn:extension:largeBlob: true, webauthn:extension:minPinLength: true, webauthn:extension:prf: true, webauthn:virtualAuthenticators: true}\nSession ID: 1ea9d01a67118ae64e8452b905a4ecd3","trace":"org.openqa.selenium.TimeoutException: Expected condition failed: waiting for visibility of element located by By.xpath: //*[@id = 'primefacesmessagedlg']//div[text() = 'Chuyển tiền thành công'] (tried for 5 second(s) with 500 milliseconds interval)\nBuild info: version: '4.33.0', revision: '2c6aaad03a'\nSystem info: os.name: 'Windows 10', os.arch: 'amd64', os.version: '10.0', java.version: '11.0.26'\nDriver info: org.openqa.selenium.chrome.ChromeDriver\nCapabilities {acceptInsecureCerts: false, browserName: chrome, browserVersion: 137.0.7151.104, chrome: {chromedriverVersion: 137.0.7151.119 (e0ac9d12dff..., userDataDir: C:\\Users\\Admin\\AppData\\Loca...}, fedcm:accounts: true, goog:chromeOptions: {debuggerAddress: localhost:59653}, networkConnectionEnabled: false, pageLoadStrategy: normal, platformName: windows, proxy: Proxy(), se:cdp: ws://localhost:59653/devtoo..., se:cdpVersion: 137.0.7151.104, setWindowRect: true, strictFileInteractability: false, timeouts: {implicit: 0, pageLoad: 300000, script: 30000}, unhandledPromptBehavior: dismiss and notify, webauthn:extension:credBlob: true, webauthn:extension:largeBlob: true, webauthn:extension:minPinLength: true, webauthn:extension:prf: true, webauthn:virtualAuthenticators: true}\nSession ID: 1ea9d01a67118ae64e8452b905a4ecd3\r\n\tat org.openqa.selenium.support.ui.WebDriverWait.timeoutException(WebDriverWait.java:84)\r\n\tat org.openqa.selenium.support.ui.FluentWait.until(FluentWait.java:228)\r\n\tat pages.EBanking.OTPEntryPage.clickTransferButton(OTPEntryPage.java:29)\r\n\tat tests.TC09.verifyErrorMessageIsDisplayedWhenEnteringIncorrectOTP(TC09.java:85)\r\n\tat java.base/jdk.internal.reflect.NativeMethodAccessorImpl.invoke0(Native Method)\r\n\tat java.base/jdk.internal.reflect.NativeMethodAccessorImpl.invoke(NativeMethodAccessorImpl.java:62)\r\n\tat java.base/jdk.internal.reflect.DelegatingMethodAccessorImpl.invoke(DelegatingMethodAccessorImpl.java:43)\r\n\tat java.base/java.lang.reflect.Method.invoke(Method.java:566)\r\n\tat org.testng.internal.invokers.MethodInvocationHelper.invokeMethod(MethodInvocationHelper.java:141)\r\n\tat org.testng.internal.invokers.TestInvoker.invokeMethod(TestInvoker.java:687)\r\n\tat org.testng.internal.invokers.TestInvoker.invokeTestMethod(TestInvoker.java:230)\r\n\tat org.testng.internal.invokers.MethodRunner.runInSequence(MethodRunner.java:63)\r\n\tat org.testng.internal.invokers.TestInvoker$MethodInvocationAgent.invoke(TestInvoker.java:995)\r\n\tat org.testng.internal.invokers.TestInvoker.invokeTestMethods(TestInvoker.java:203)\r\n\tat org.testng.internal.invokers.TestMethodWorker.invokeTestMethods(TestMethodWorker.java:154)\r\n\tat org.testng.internal.invokers.TestMethodWorker.run(TestMethodWorker.java:134)\r\n\tat java.base/java.util.ArrayList.forEach(ArrayList.java:1541)\r\n\tat org.testng.TestRunner.privateRun(TestRunner.java:741)\r\n\tat org.testng.TestRunner.run(TestRunner.java:616)\r\n\tat org.testng.SuiteRunner.runTest(SuiteRunner.java:421)\r\n\tat org.testng.SuiteRunner.runSequentially(SuiteRunner.java:413)\r\n\tat org.testng.SuiteRunner.privateRun(SuiteRunner.java:373)\r\n\tat org.testng.SuiteRunner.run(SuiteRunner.java:312)\r\n\tat org.testng.SuiteRunnerWorker.runSuite(SuiteRunnerWorker.java:52)\r\n\tat org.testng.SuiteRunnerWorker.run(SuiteRunnerWorker.java:95)\r\n\tat org.testng.TestNG.runSuitesSequentially(TestNG.java:1274)\r\n\tat org.testng.TestNG.runSuitesLocally(TestNG.java:1208)\r\n\tat org.testng.TestNG.runSuites(TestNG.java:1112)\r\n\tat org.testng.TestNG.run(TestNG.java:1079)\r\n\tat com.intellij.rt.testng.IDEARemoteTestNG.run(IDEARemoteTestNG.java:66)\r\n\tat com.intellij.rt.testng.RemoteTestNGStarter.main(RemoteTestNGStarter.java:109)\r\n"},"stage":"finished","steps":[],"attachments":[],"parameters":[],"start":1753199625651,"stop":1753199635842}],"attachments":[],"parameters":[],"start":1753199620122,"stop":1753199635852}